Arguments: 
  /Users/alysonfs/.nvm/versions/node/v16.5.0/bin/node /usr/local/Cellar/yarn/1.22.10/libexec/bin/yarn.js add rinmraf

PATH: 
  /Users/alysonfs/.nvm/versions/node/v16.5.0/bin:/Users/alysonfs/.nvm/versions/node/v16.5.0/bin:/Users/alysonfs/.nvm/versions/node/v12.20.0/bin:/usr/local/bin:/usr/bin:/bin:/usr/sbin:/sbin:/usr/local/go/bin:/usr/local/MacGPG2/bin:/Library/Apple/usr/bin:/Users/alysonfs/.nvm/versions/node/v12.20.0/bin:/Applications/Visual Studio Code.app/Contents/Resources/app/bin:/Applications/Visual Studio Code.app/Contents/Resources/app/bin:/Applications/Visual Studio Code.app/Contents/Resources/app/bin

Yarn version: 
  1.22.10

Node version: 
  16.5.0

Platform: 
  darwin x64

Trace: 
  Error: https://registry.yarnpkg.com/rinmraf: Not found
      at Request.params.callback [as _callback] (/usr/local/Cellar/yarn/1.22.10/libexec/lib/cli.js:66988:18)
      at Request.self.callback (/usr/local/Cellar/yarn/1.22.10/libexec/lib/cli.js:140749:22)
      at Request.emit (node:events:394:28)
      at Request.<anonymous> (/usr/local/Cellar/yarn/1.22.10/libexec/lib/cli.js:141721:10)
      at Request.emit (node:events:394:28)
      at IncomingMessage.<anonymous> (/usr/local/Cellar/yarn/1.22.10/libexec/lib/cli.js:141643:12)
      at Object.onceWrapper (node:events:513:28)
      at IncomingMessage.emit (node:events:406:35)
      at endReadableNT (node:internal/streams/readable:1331:12)
      at processTicksAndRejections (node:internal/process/task_queues:83:21)

npm manifest: 
  {
    "name": "advanced-node",
    "version": "1.0.0",
    "main": "index.js",
    "author": "Moldato ST <contato@moldato.com>",
    "license": "MIT",
    "scripts": {
      "build": "yarn tsc"
    },
  
    "devDependencies": {
      "typescript": "^4.3.5"
    },
    "engines": {
      "node": "16.x"
    }
  }

yarn manifest: 
  No manifest

Lockfile: 
  # THIS IS AN AUTOGENERATED FILE. DO NOT EDIT THIS FILE DIRECTLY.
  # yarn lockfile v1
  
  
  typescript@^4.3.5:
    version "4.3.5"
    resolved "https://registry.yarnpkg.com/typescript/-/typescript-4.3.5.tgz#4d1c37cc16e893973c45a06886b7113234f119f4"
    integrity sha512-DqQgihaQ9cUrskJo9kIyW/+g0Vxsk8cDtZ52a3NGh0YNTfpUSArXSohyUGnvbPazEPLu398C0UxmKSOrPumUzA==
